<?xml version="1.0" encoding="UTF-8"?>
<testng-results skipped="0" failed="0" ignored="0" total="3" passed="3">
  <reporter-output>
    <line>
      <![CDATA[<font color="red"><b>Addiction Bundle :  avg_connect_duration UI 42.00 != 42.14</b></font><br/>]]>
    </line>
    <line>
      <![CDATA[<font color="red"><b>Auto Insurance Bundle :  avg_connect_duration UI 251.00 != 251.74</b></font><br/>]]>
    </line>
    <line>
      <![CDATA[<font color="red"><b>Credit Repair Bundle :  avg_connect_duration UI 279.00 != 279.71</b></font><br/>]]>
    </line>
    <line>
      <![CDATA[<font color="red"><b>Credit Repair Bundle (CD-Private) :  avg_connect_duration UI 141.00 != 141.65</b></font><br/>]]>
    </line>
    <line>
      <![CDATA[<font color="red"><b>Credit Repair Bundle - CPS :  avg_connect_duration UI 611.00 != 611.25</b></font><br/>]]>
    </line>
    <line>
      <![CDATA[<font color="red"><b>Home Security Bundle :  avg_connect_duration UI 98.00 != 98.23</b></font><br/>]]>
    </line>
    <line>
      <![CDATA[<font color="red"><b>Home Security Bundle (Duration) :  avg_connect_duration UI 37.00 != 37.46</b></font><br/>]]>
    </line>
    <line>
      <![CDATA[<font color="red"><b>Medicare Bundled Campaign :  avg_connect_duration UI 16.00 != 16.50</b></font><br/>]]>
    </line>
    <line>
      <![CDATA[<font color="red"><b>Mortgage Bundle :  unique_conv UI 0.0 != 0</b></font><br/>]]>
    </line>
    <line>
      <![CDATA[<font color="red"><b>Pest Control Bundle :  avg_connect_duration UI 29.00 != 29.13</b></font><br/>]]>
    </line>
  </reporter-output>
  <suite name="Default suite" duration-ms="113753" started-at="2018-05-24T07:42:02Z" finished-at="2018-05-24T07:43:56Z">
    <groups>
    </groups>
    <test name="Default test" duration-ms="113753" started-at="2018-05-24T07:42:02Z" finished-at="2018-05-24T07:43:56Z">
      <class name="com.fission.callx.TestClass">
        <test-method status="PASS" signature="setup()[pri:0, instance:com.fission.callx.TestClass@3224f60b]" name="setup" is-config="true" duration-ms="75247" started-at="2018-05-24T13:12:02Z" finished-at="2018-05-24T13:13:17Z">
          <reporter-output>
          </reporter-output>
        </test-method> <!-- setup -->
        <test-method status="PASS" signature="adminLogin()[pri:0, instance:com.fission.callx.TestClass@3224f60b]" name="adminLogin" duration-ms="5794" started-at="2018-05-24T13:13:17Z" description="Login as Admin" finished-at="2018-05-24T13:13:23Z">
          <reporter-output>
          </reporter-output>
        </test-method> <!-- adminLogin -->
        <test-method status="PASS" signature="failureCatcher(org.testng.ITestResult)[pri:0, instance:com.fission.callx.TestClass@3224f60b]" name="failureCatcher" is-config="true" duration-ms="2" started-at="2018-05-24T13:13:23Z" finished-at="2018-05-24T13:13:23Z">
          <params>
            <param index="0">
              <value>
                <![CDATA[[TestResult name=adminLogin status=SUCCESS method=TestClass.adminLogin()[pri:0, instance:com.fission.callx.TestClass@3224f60b] output={null}]]]>
              </value>
            </param>
          </params>
          <reporter-output>
          </reporter-output>
        </test-method> <!-- failureCatcher -->
        <test-method status="PASS" signature="getReportData()[pri:1, instance:com.fission.callx.TestClass@3224f60b]" name="getReportData" duration-ms="29481" started-at="2018-05-24T13:13:23Z" description="Get Table data Reports -&gt; Campaigns" depends-on-methods="com.fission.callx.TestClass.adminLogin" finished-at="2018-05-24T13:13:52Z">
          <reporter-output>
          </reporter-output>
        </test-method> <!-- getReportData -->
        <test-method status="PASS" signature="validateUIAnaAPIData()[pri:2, instance:com.fission.callx.TestClass@3224f60b]" name="validateUIAnaAPIData" duration-ms="318" started-at="2018-05-24T13:13:52Z" description="Comapre UI data and API responce" depends-on-methods="com.fission.callx.TestClass.getReportData" finished-at="2018-05-24T13:13:53Z">
          <reporter-output>
            <line>
              <![CDATA[<font color="red"><b>Addiction Bundle :  avg_connect_duration UI 42.00 != 42.14</b></font><br/>]]>
            </line>
            <line>
              <![CDATA[<font color="red"><b>Auto Insurance Bundle :  avg_connect_duration UI 251.00 != 251.74</b></font><br/>]]>
            </line>
            <line>
              <![CDATA[<font color="red"><b>Credit Repair Bundle :  avg_connect_duration UI 279.00 != 279.71</b></font><br/>]]>
            </line>
            <line>
              <![CDATA[<font color="red"><b>Credit Repair Bundle (CD-Private) :  avg_connect_duration UI 141.00 != 141.65</b></font><br/>]]>
            </line>
            <line>
              <![CDATA[<font color="red"><b>Credit Repair Bundle - CPS :  avg_connect_duration UI 611.00 != 611.25</b></font><br/>]]>
            </line>
            <line>
              <![CDATA[<font color="red"><b>Home Security Bundle :  avg_connect_duration UI 98.00 != 98.23</b></font><br/>]]>
            </line>
            <line>
              <![CDATA[<font color="red"><b>Home Security Bundle (Duration) :  avg_connect_duration UI 37.00 != 37.46</b></font><br/>]]>
            </line>
            <line>
              <![CDATA[<font color="red"><b>Medicare Bundled Campaign :  avg_connect_duration UI 16.00 != 16.50</b></font><br/>]]>
            </line>
            <line>
              <![CDATA[<font color="red"><b>Mortgage Bundle :  unique_conv UI 0.0 != 0</b></font><br/>]]>
            </line>
            <line>
              <![CDATA[<font color="red"><b>Pest Control Bundle :  avg_connect_duration UI 29.00 != 29.13</b></font><br/>]]>
            </line>
          </reporter-output>
        </test-method> <!-- validateUIAnaAPIData -->
        <test-method status="PASS" signature="failureCatcher(org.testng.ITestResult)[pri:0, instance:com.fission.callx.TestClass@3224f60b]" name="failureCatcher" is-config="true" duration-ms="0" started-at="2018-05-24T13:13:52Z" finished-at="2018-05-24T13:13:52Z">
          <params>
            <param index="0">
              <value>
                <![CDATA[[TestResult name=getReportData status=SUCCESS method=TestClass.getReportData()[pri:1, instance:com.fission.callx.TestClass@3224f60b] output={null}]]]>
              </value>
            </param>
          </params>
          <reporter-output>
          </reporter-output>
        </test-method> <!-- failureCatcher -->
        <test-method status="PASS" signature="failureCatcher(org.testng.ITestResult)[pri:0, instance:com.fission.callx.TestClass@3224f60b]" name="failureCatcher" is-config="true" duration-ms="0" started-at="2018-05-24T13:13:53Z" finished-at="2018-05-24T13:13:53Z">
          <params>
            <param index="0">
              <value>
                <![CDATA[[TestResult name=validateUIAnaAPIData status=SUCCESS method=TestClass.validateUIAnaAPIData()[pri:2, instance:com.fission.callx.TestClass@3224f60b] output=<font color="red"><b>Addiction Bundle :  avg_connect_duration UI 42.00 != 42.14</b></font><br/>]]]>
              </value>
            </param>
          </params>
          <reporter-output>
          </reporter-output>
        </test-method> <!-- failureCatcher -->
        <test-method status="PASS" signature="browserCleanUp()[pri:0, instance:com.fission.callx.TestClass@3224f60b]" name="browserCleanUp" is-config="true" duration-ms="2885" started-at="2018-05-24T13:13:53Z" finished-at="2018-05-24T13:13:56Z">
          <reporter-output>
          </reporter-output>
        </test-method> <!-- browserCleanUp -->
      </class> <!-- com.fission.callx.TestClass -->
    </test> <!-- Default test -->
  </suite> <!-- Default suite -->
</testng-results>
