<?xml version="1.0" encoding="UTF-8"?>
<!-- Generated by org.testng.reporters.JUnitXMLReporter -->
<testsuite hostname="FissionLabs-PC" ignored="0" name="Reports Regression test" tests="7" failures="0" timestamp="24 May 2018 05:13:41 GMT" time="51.059" errors="0">
  <testcase name="adminLogin" time="2.143" classname="com.fission.callx.ReportsDataValidationDP"/>
  <testcase name="validateUiAndApiReportsData" time="1.236" classname="com.fission.callx.ReportsDataValidationDP">
    <skipped/>
  </testcase> <!-- validateUiAndApiReportsData -->
  <testcase name="validateUiAndApiReportsData" time="2.455" classname="com.fission.callx.ReportsDataValidationDP"/>
  <testcase name="validateUiAndApiReportsData" time="1.732" classname="com.fission.callx.ReportsDataValidationDP"/>
  <testcase name="validateUiAndApiReportsData" time="1.806" classname="com.fission.callx.ReportsDataValidationDP"/>
  <testcase name="validateUiAndApiReportsData" time="24.896" classname="com.fission.callx.ReportsDataValidationDP"/>
  <testcase name="validateUiAndApiReportsData" time="1.978" classname="com.fission.callx.ReportsDataValidationDP"/>
</testsuite> <!-- Reports Regression test -->
