<?xml version="1.0" encoding="UTF-8"?>
<!-- Generated by org.testng.reporters.JUnitXMLReporter -->
<testsuite hostname="FissionLabs-PC" ignored="0" name="Default test" tests="3" failures="0" timestamp="24 May 2018 07:43:56 GMT" time="113.753" errors="0">
  <testcase name="adminLogin" time="5.794" classname="com.fission.callx.TestClass"/>
  <testcase name="getReportData" time="29.481" classname="com.fission.callx.TestClass"/>
  <testcase name="validateUIAnaAPIData" time="0.318" classname="com.fission.callx.TestClass"/>
</testsuite> <!-- Default test -->
